[15:15:25] [Server thread/INFO]: benlgb[/125.95.121.251:29820] logged in with entity id 978785 at (245.5, 78.0, 261.5)
[15:15:25] [Server thread/INFO]: benlgb joined the game
[15:17:08] [Server thread/INFO]: benlgb lost connection: TextComponent{text='Disconnected', siblings=[], style=Style{hasParent=false, color=null, bold=null, italic=null, underlined=null, obfuscated=null, clickEvent=null, hoverEvent=null, insertion=null}}
[15:17:08] [Server thread/INFO]: benlgb left the game
[15:18:01] [Server thread/INFO]: benlgb[/125.95.121.251:29925] logged in with entity id 981706 at (262.5270086963392, 102.0, 320.63605521875644)
[15:18:01] [Server thread/INFO]: benlgb joined the game
[15:18:13] [Server thread/INFO]: benlgb lost connection: TextComponent{text='Disconnected', siblings=[], style=Style{hasParent=false, color=null, bold=null, italic=null, underlined=null, obfuscated=null, clickEvent=null, hoverEvent=null, insertion=null}}
[15:18:13] [Server thread/INFO]: benlgb left the game
[15:19:08] [Server thread/INFO]: benben[/125.95.121.251:29992] logged in with entity id 981950 at (278.1045365966156, 63.0, 578.6999999880791)
[15:19:08] [Server thread/INFO]: benben joined the game
[15:19:11] [Server thread/WARN]: Can't keep up! Did the system time change, or is the server overloaded? Running 2872ms behind, skipping 57 tick(s)
[15:20:42] [Server thread/INFO]: benben lost connection: TextComponent{text='Disconnected', siblings=[], style=Style{hasParent=false, color=null, bold=null, italic=null, underlined=null, obfuscated=null, clickEvent=null, hoverEvent=null, insertion=null}}
[15:20:42] [Server thread/INFO]: benben left the game
[15:23:13] [Server thread/INFO]: benben[/125.95.121.251:30095] logged in with entity id 982886 at (286.53546143736554, 63.0, 613.8730181823283)
[15:23:13] [Server thread/INFO]: benben joined the game
[15:23:16] [Server thread/WARN]: Can't keep up! Did the system time change, or is the server overloaded? Running 2607ms behind, skipping 52 tick(s)
[15:24:05] [Server thread/INFO]: benben lost connection: TextComponent{text='Disconnected', siblings=[], style=Style{hasParent=false, color=null, bold=null, italic=null, underlined=null, obfuscated=null, clickEvent=null, hoverEvent=null, insertion=null}}
[15:24:05] [Server thread/INFO]: benben left the game
[15:45:51] [Server thread/INFO]: benben[/125.95.121.251:31801] logged in with entity id 983539 at (278.90147186030964, 69.0, 568.6843958456915)
[15:45:51] [Server thread/INFO]: benben joined the game
[15:45:53] [Server thread/WARN]: Can't keep up! Did the system time change, or is the server overloaded? Running 2355ms behind, skipping 47 tick(s)
[15:47:11] [Server thread/WARN]: benben moved too quickly! 8.834980379951219,-1.0752008901189498,-4.821146259389138
[15:47:46] [Server thread/INFO]: Hong[/223.211.93.87:46989] logged in with entity id 985633 at (251.5, 78.0, 263.5)
[15:47:46] [Server thread/INFO]: Hong joined the game
[15:47:56] [Server thread/WARN]: Can't keep up! Did the system time change, or is the server overloaded? Running 2004ms behind, skipping 40 tick(s)
[15:48:10] [Server thread/INFO]: <benben> 306 587
[15:48:41] [Server thread/WARN]: Can't keep up! Did the system time change, or is the server overloaded? Running 2191ms behind, skipping 43 tick(s)
[15:48:42] [Server thread/WARN]: benben moved too quickly! 10.179632544245578,-0.3693736602695097,0.6912578606549005
[15:49:11] [Server thread/INFO]: <benben> 305 63 588
[15:49:27] [Server thread/WARN]: Can't keep up! Did the system time change, or is the server overloaded? Running 2399ms behind, skipping 47 tick(s)
[15:50:12] [Server thread/WARN]: Can't keep up! Did the system time change, or is the server overloaded? Running 2002ms behind, skipping 40 tick(s)
[15:54:37] [Server thread/INFO]: Hong has just earned the achievement [Taking Inventory]
[16:00:41] [Server thread/WARN]: Hong moved too quickly! 0.11450285562676754,-10.569599609183584,-0.03402358187236132
[16:00:59] [Server thread/INFO]: Hong fell from a high place
[16:01:27] [Server thread/WARN]: Can't keep up! Did the system time change, or is the server overloaded? Running 2122ms behind, skipping 42 tick(s)
[16:01:57] [Server thread/INFO]: Hong lost connection: TextComponent{text='Disconnected', siblings=[], style=Style{hasParent=false, color=null, bold=null, italic=null, underlined=null, obfuscated=null, clickEvent=null, hoverEvent=null, insertion=null}}
[16:01:57] [Server thread/INFO]: Hong left the game
[16:02:03] [Server thread/INFO]: benben lost connection: TextComponent{text='Disconnected', siblings=[], style=Style{hasParent=false, color=null, bold=null, italic=null, underlined=null, obfuscated=null, clickEvent=null, hoverEvent=null, insertion=null}}
[16:02:03] [Server thread/INFO]: benben left the game
